app/build/outputs/logs/manifest-merger-debug-report.txt
-- Merging decision tree log ---
manifest
ADDED from src/main/AndroidManifest.xml:2:1-59:12
	package
		ADDED from src/main/AndroidManifest.xml:3:5-53
		INJECTED from src/main/AndroidManifest.xml
		INJECTED from src/main/AndroidManifest.xml
	android:versionName
		ADDED from src/main/AndroidManifest.xml:5:5-30
		INJECTED from src/main/AndroidManifest.xml
		INJECTED from src/main/AndroidManifest.xml
	android:versionCode
		ADDED from src/main/AndroidManifest.xml:4:5-28
		INJECTED from src/main/AndroidManifest.xml
		INJECTED from src/main/AndroidManifest.xml
	xmlns:android
		ADDED from src/main/AndroidManifest.xml:2:11-69
uses-sdk
ADDED from src/main/AndroidManifest.xml:7:5-9:41
MERGED from [com.android.support:design:23.1.0] AndroidManifest.xml:20:5-43
MERGED from [com.android.support:appcompat-v7:23.1.0] AndroidManifest.xml:20:5-43
MERGED from [com.android.support:support-v4:24.0.0] AndroidManifest.xml:21:5-23:54
MERGED from [com.android.support:recyclerview-v7:23.1.0] AndroidManifest.xml:20:5-43
MERGED from [com.google.android.gms:play-services-ads:10.0.0] AndroidManifest.xml:17:5-42
MERGED from [com.google.android.gms:play-services-ads-lite:10.0.0] AndroidManifest.xml:22:5-42
MERGED from [com.google.android.gms:play-services-basement:10.0.0] AndroidManifest.xml:17:5-42
MERGED from [com.google.android.gms:play-services-base:10.0.0] AndroidManifest.xml:17:5-42
MERGED from [com.google.android.gms:play-services-tasks:10.0.0] AndroidManifest.xml:3:5-42
MERGED from [com.google.android.gms:play-services-clearcut:10.0.0] AndroidManifest.xml:17:5-42
MERGED from [com.google.android.gms:play-services-gass:10.0.0] AndroidManifest.xml:3:5-42
MERGED from [com.jakewharton:butterknife:8.4.0] AndroidManifest.xml:5:5-43
MERGED from [io.reactivex:rxandroid:1.2.0] AndroidManifest.xml:19:5-43
	tools:overrideLibrary
		ADDED from [com.android.support:support-v4:24.0.0] AndroidManifest.xml:23:9-51
	android:targetSdkVersion
		ADDED from src/main/AndroidManifest.xml:9:9-38
		INJECTED from src/main/AndroidManifest.xml
		INJECTED from src/main/AndroidManifest.xml
	android:minSdkVersion
		ADDED from src/main/AndroidManifest.xml:8:9-34
		INJECTED from src/main/AndroidManifest.xml
		INJECTED from src/main/AndroidManifest.xml
supports-screens
ADDED from src/main/AndroidManifest.xml:11:2-17:37
	android:largeScreens
		ADDED from src/main/AndroidManifest.xml:13:6-33
	android:smallScreens
		ADDED from src/main/AndroidManifest.xml:16:6-33
	android:normalScreens
		ADDED from src/main/AndroidManifest.xml:14:6-34
	android:xlargeScreens
		ADDED from src/main/AndroidManifest.xml:17:6-34
	android:resizeable
		ADDED from src/main/AndroidManifest.xml:15:6-31
	android:anyDensity
		ADDED from src/main/AndroidManifest.xml:12:6-31
uses-feature#android.hardware.camera
ADDED from src/main/AndroidManifest.xml:19:2-81
	android:required
		ADDED from src/main/AndroidManifest.xml:19:55-79
	android:name
		ADDED from src/main/AndroidManifest.xml:19:16-54
uses-permission#android.permission.CAMERA
ADDED from src/main/AndroidManifest.xml:21:2-62
	android:name
		ADDED from src/main/AndroidManifest.xml:21:19-59
uses-permission#android.permission.READ_EXTERNAL_STORAGE
ADDED from src/main/AndroidManifest.xml:22:2-77
	android:name
		ADDED from src/main/AndroidManifest.xml:22:19-74
uses-permission#android.permission.WRITE_EXTERNAL_STORAGE
ADDED from src/main/AndroidManifest.xml:23:2-78
	android:name
		ADDED from src/main/AndroidManifest.xml:23:19-75
uses-permission#android.permission.INTERNET
ADDED from src/main/AndroidManifest.xml:24:5-67
MERGED from [com.google.android.gms:play-services-ads-lite:10.0.0] AndroidManifest.xml:19:5-66
	android:name
		ADDED from src/main/AndroidManifest.xml:24:22-64
uses-permission#android.permission.ACCESS_NETWORK_STATE
ADDED from src/main/AndroidManifest.xml:25:5-79
MERGED from [com.google.android.gms:play-services-ads-lite:10.0.0] AndroidManifest.xml:20:5-78
	android:name
		ADDED from src/main/AndroidManifest.xml:25:22-76
application
ADDED from src/main/AndroidManifest.xml:27:5-57:19
MERGED from [com.android.support:design:23.1.0] AndroidManifest.xml:22:5-20
MERGED from [com.android.support:appcompat-v7:23.1.0] AndroidManifest.xml:22:5-20
MERGED from [com.android.support:support-v4:24.0.0] AndroidManifest.xml:25:5-20
MERGED from [com.google.android.gms:play-services-ads-lite:10.0.0] AndroidManifest.xml:23:5-27:19
MERGED from [com.google.android.gms:play-services-basement:10.0.0] AndroidManifest.xml:19:5-21:19
MERGED from [com.google.android.gms:play-services-base:10.0.0] AndroidManifest.xml:18:5-20:19
MERGED from [com.google.android.gms:play-services-tasks:10.0.0] AndroidManifest.xml:4:5-19
MERGED from [com.google.android.gms:play-services-clearcut:10.0.0] AndroidManifest.xml:18:5-19
MERGED from [com.google.android.gms:play-services-gass:10.0.0] AndroidManifest.xml:4:5-19
	android:label
		ADDED from src/main/AndroidManifest.xml:30:9-41
	android:allowBackup
		ADDED from src/main/AndroidManifest.xml:28:9-35
	android:icon
		ADDED from src/main/AndroidManifest.xml:29:9-41
	android:theme
		ADDED from src/main/AndroidManifest.xml:31:9-40
meta-data#com.google.android.gms.version
ADDED from src/main/AndroidManifest.xml:33:3-34:73
MERGED from [com.google.android.gms:play-services-basement:10.0.0] AndroidManifest.xml:20:9-121
	android:value
		ADDED from src/main/AndroidManifest.xml:34:17-70
	android:name
		ADDED from src/main/AndroidManifest.xml:33:14-59
activity#com.elegantsolutions.hieroglyphic.gift.ui.activities.MainActivity
ADDED from src/main/AndroidManifest.xml:36:9-46:20
	android:screenOrientation
		ADDED from src/main/AndroidManifest.xml:39:13-49
	android:label
		ADDED from src/main/AndroidManifest.xml:40:13-45
	android:windowSoftInputMode
		ADDED from src/main/AndroidManifest.xml:38:13-70
	android:name
		ADDED from src/main/AndroidManifest.xml:37:13-55
intent-filter#android.intent.action.MAIN+android.intent.category.LAUNCHER
ADDED from src/main/AndroidManifest.xml:41:13-45:29
action#android.intent.action.MAIN
ADDED from src/main/AndroidManifest.xml:42:17-69
	android:name
		ADDED from src/main/AndroidManifest.xml:42:25-66
category#android.intent.category.LAUNCHER
ADDED from src/main/AndroidManifest.xml:44:17-77
	android:name
		ADDED from src/main/AndroidManifest.xml:44:27-74
activity#com.elegantsolutions.hieroglyphic.gift.ui.activities.CardActivity
ADDED from src/main/AndroidManifest.xml:48:9-53:20
	android:screenOrientation
		ADDED from src/main/AndroidManifest.xml:51:13-49
	android:label
		ADDED from src/main/AndroidManifest.xml:52:13-56
	android:windowSoftInputMode
		ADDED from src/main/AndroidManifest.xml:50:13-70
	android:name
		ADDED from src/main/AndroidManifest.xml:49:13-55
activity#com.google.android.gms.ads.AdActivity
ADDED from src/main/AndroidManifest.xml:55:6-56:128
MERGED from [com.google.android.gms:play-services-ads-lite:10.0.0] AndroidManifest.xml:25:9-232
	android:configChanges
		ADDED from src/main/AndroidManifest.xml:56:17-126
	android:theme
		ADDED from [com.google.android.gms:play-services-ads-lite:10.0.0] AndroidManifest.xml:25:182-230
	android:name
		ADDED from src/main/AndroidManifest.xml:55:16-68
activity#com.google.android.gms.ads.purchase.InAppPurchaseActivity
ADDED from [com.google.android.gms:play-services-ads-lite:10.0.0] AndroidManifest.xml:26:9-131
	android:theme
		ADDED from [com.google.android.gms:play-services-ads-lite:10.0.0] AndroidManifest.xml:26:92-129
	android:name
		ADDED from [com.google.android.gms:play-services-ads-lite:10.0.0] AndroidManifest.xml:26:19-91
activity#com.google.android.gms.common.api.GoogleApiActivity
ADDED from [com.google.android.gms:play-services-base:10.0.0] AndroidManifest.xml:19:9-172
	android:exported
		ADDED from [com.google.android.gms:play-services-base:10.0.0] AndroidManifest.xml:19:146-170
	android:theme
		ADDED from [com.google.android.gms:play-services-base:10.0.0] AndroidManifest.xml:19:86-145
	android:name
		ADDED from [com.google.android.gms:play-services-base:10.0.0] AndroidManifest.xml:19:19-85